<?xml version="1.0" encoding="UTF-8"?>
<testsuite name="com.ups.cra.icc.idugroute.idugdemo.TestSample" time="15.411" tests="1" errors="0" skipped="0" failures="1">
  <properties>
[...]
</properties>
  <testcase name="testInsert" classname="com.ups.cra.icc.idugroute.idugdemo.TestSample" time="15.411">
    <failure message="mock://couchbase Received message count. Expected: &lt;1&gt; but was: &lt;0&gt;" type="java.lang.AssertionError"><![CDATA[java.lang.AssertionError: mock://couchbase Received message count. Expected: <1> but was: <0>
	at org.apache.camel.component.mock.MockEndpoint.fail(MockEndpoint.java:1394)
	at org.apache.camel.component.mock.MockEndpoint.assertEquals(MockEndpoint.java:1376)
	at org.apache.camel.component.mock.MockEndpoint.doAssertIsSatisfied(MockEndpoint.java:399)
	at org.apache.camel.component.mock.MockEndpoint.assertIsSatisfied(MockEndpoint.java:378)
	at org.apache.camel.component.mock.MockEndpoint.assertIsSatisfied(MockEndpoint.java:366)
	at com.ups.cra.icc.idugroute.idugdemo.TestSample.testInsert(TestSample.java:42)
]]></failure>
    <system-out><![CDATA[[                          main] TestSample                     INFO  ********************************************************************************
[                          main] TestSample                     INFO  Testing: testInsert(com.ups.cra.icc.idugroute.idugdemo.TestSample)
[                          main] TestSample                     INFO  ********************************************************************************
[                          main] DefaultCamelContext            INFO  Apache Camel 2.15.1.redhat-621084 (CamelContext: camel-3) is starting
[                          main] DefaultManagementStrategy      INFO  JMX is disabled
[                          main] DefaultTypeConverter           INFO  Loaded 186 type converters
[                          main] DefaultCamelContext            INFO  AllowUseOriginalMessage is enabled. If access to the original message is not needed, then its recommended to turn this option off as it may improve performance.
[                          main] DefaultCamelContext            INFO  StreamCaching is not in use. If using streams then its recommended to enable stream caching. See more details at http://camel.apache.org/stream-caching.html
[               ActiveMQ Task-1] FailoverTransport              INFO  Successfully connected to tcp://localhost:61616
[                          main] DefaultCamelContext            INFO  Route: route3 started and consuming from: Endpoint[activemq://topic:mqtt.ShipmentInfo]
[                          main] DefaultCamelContext            INFO  Total 1 routes, of which 1 is started.
[                          main] DefaultCamelContext            INFO  Apache Camel 2.15.1.redhat-621084 (CamelContext: camel-3) started in 0.185 seconds
[                          main] DefaultShutdownStrategy        INFO  Starting to graceful shutdown 1 routes (timeout 10 seconds)
[JmsConsumer[mqtt.ShipmentInfo]] ultJmsMessageListenerContainer WARN  Setup of JMS message listener invoker failed for destination 'mqtt.ShipmentInfo' - trying to recover. Cause: Stopped.
[el-3) thread #5 - ShutdownTask] DefaultShutdownStrategy        INFO  Route: route3 shutdown complete, was consuming from: Endpoint[activemq://topic:mqtt.ShipmentInfo]
[                          main] DefaultShutdownStrategy        INFO  Graceful shutdown of 1 routes completed in 4 seconds
[                          main] DefaultCamelContext            INFO  Route: route3 is stopped, was consuming from: Endpoint[activemq://topic:mqtt.ShipmentInfo]
[                          main] DefaultCamelContext            INFO  Route: route3 is shutdown and removed, was consuming from: Endpoint[activemq://topic:mqtt.ShipmentInfo]
[                          main] AdviceWithTasks                INFO  AdviceWith replace input from [activemq:topic:mqtt.ShipmentInfo] --> [direct:shipmentInfo]
[                          main] RouteDefinition                INFO  AdviceWith route after: Route(route3)[[From[direct:shipmentInfo]] -> [process[Processor@0x3aa54c22], SetHeader[CCB_ID, {971838295}], To[couchbase:http://localhost:11210/idug-sample?operation=CCB_PUT]]]
[                          main] DefaultCamelContext            INFO  Route: route3 started and consuming from: Endpoint[direct://shipmentInfo]
[                          main] CouchbaseProducer              INFO  Type of operation: PUT
[                          main] MockEndpoint                   INFO  Asserting: Endpoint[mock://couchbase] is satisfied
[                          main] TestSample                     INFO  ********************************************************************************
[                          main] TestSample                     INFO  Testing done: testInsert(com.ups.cra.icc.idugroute.idugdemo.TestSample)
[                          main] TestSample                     INFO  Took: 15.250 seconds (15250 millis)
[                          main] TestSample                     INFO  ********************************************************************************
[                          main] DefaultCamelContext            INFO  Apache Camel 2.15.1.redhat-621084 (CamelContext: camel-3) is shutting down
[                          main] DefaultShutdownStrategy        INFO  Starting to graceful shutdown 1 routes (timeout 10 seconds)
[el-3) thread #5 - ShutdownTask] DefaultShutdownStrategy        INFO  Route: route3 shutdown complete, was consuming from: Endpoint[direct://shipmentInfo]
[                          main] DefaultShutdownStrategy        INFO  Graceful shutdown of 1 routes completed in 0 seconds
[                          main] DefaultCamelContext            INFO  Apache Camel 2.15.1.redhat-621084 (CamelContext: camel-3) uptime 15.441 seconds
[                          main] DefaultCamelContext            INFO  Apache Camel 2.15.1.redhat-621084 (CamelContext: camel-3) is shutdown in 0.004 seconds
]]></system-out>
    <system-err><![CDATA[2016-10-08 16:35:07.599 INFO net.spy.memcached.auth.AuthThread:  Authenticated to localhost/127.0.0.1:11210
2016-10-08 16:35:07.604 INFO com.couchbase.client.vbucket.provider.BucketConfigurationProvider:  Could bootstrap through carrier publication.
2016-10-08 16:35:07.605 INFO com.couchbase.client.CouchbaseConnection:  Added {QA sa=localhost/127.0.0.1:11210, #Rops=0, #Wops=0, #iq=0, topRop=null, topWop=null, toWrite=0, interested=0} to connect queue
2016-10-08 16:35:07.606 INFO com.couchbase.client.CouchbaseClient:  CouchbaseConnectionFactory{bucket='idug-sample', nodes=[http://localhost:11210/pools], order=RANDOM, opTimeout=2500, opQueue=16384, opQueueBlockTime=10000, obsPollInt=10, obsPollMax=500, obsTimeout=5000, viewConns=10, viewTimeout=75000, viewWorkers=1, configCheck=10, reconnectInt=1100, failureMode=Redistribute, hashAlgo=NATIVE_HASH, authWaitTime=2500}
2016-10-08 16:35:07.610 INFO com.couchbase.client.CouchbaseClient:  viewmode property isn't defined. Setting viewmode to production mode
2016-10-08 16:35:07.711 INFO net.spy.memcached.auth.AuthThread:  Authenticated to localhost/127.0.0.1:11210
2016-10-08 16:35:12.735 INFO net.spy.memcached.auth.AuthThread:  Authenticated to localhost/127.0.0.1:11210
2016-10-08 16:35:12.740 INFO com.couchbase.client.vbucket.provider.BucketConfigurationProvider:  Could bootstrap through carrier publication.
2016-10-08 16:35:12.742 INFO com.couchbase.client.CouchbaseConnection:  Added {QA sa=localhost/127.0.0.1:11210, #Rops=0, #Wops=0, #iq=0, topRop=null, topWop=null, toWrite=0, interested=0} to connect queue
2016-10-08 16:35:12.743 INFO com.couchbase.client.CouchbaseClient:  CouchbaseConnectionFactory{bucket='idug-sample', nodes=[http://localhost:11210/pools], order=RANDOM, opTimeout=2500, opQueue=16384, opQueueBlockTime=10000, obsPollInt=10, obsPollMax=500, obsTimeout=5000, viewConns=10, viewTimeout=75000, viewWorkers=1, configCheck=10, reconnectInt=1100, failureMode=Redistribute, hashAlgo=NATIVE_HASH, authWaitTime=2500}
2016-10-08 16:35:12.751 INFO com.couchbase.client.CouchbaseClient:  viewmode property isn't defined. Setting viewmode to production mode
2016-10-08 16:35:12.867 INFO net.spy.memcached.auth.AuthThread:  Authenticated to localhost/127.0.0.1:11210
]]></system-err>
  </testcase>
</testsuite>