<?xml version="1.0" encoding="UTF-8"?>
<testsuite name="com.ups.cra.icc.idugroute.idugdemo.CRUDUnitTest" time="3.098" tests="1" errors="0" skipped="0" failures="1">
  <properties>
[...]
</properties>
  <testcase name="testViewAll" classname="com.ups.cra.icc.idugroute.idugdemo.CRUDUnitTest" time="3.098">
    <failure type="java.lang.AssertionError:">java.lang.AssertionError: null
	at org.junit.Assert.fail(Assert.java:86)
	at org.junit.Assert.assertTrue(Assert.java:41)
	at org.junit.Assert.assertNotNull(Assert.java:621)
	at org.junit.Assert.assertNotNull(Assert.java:631)
	at com.ups.cra.icc.idugroute.idugdemo.CRUDUnitTest.testViewAll(CRUDUnitTest.java:42)
</failure>
    <system-out><![CDATA[[                          main] CRUDUnitTest                   INFO  ********************************************************************************
[                          main] CRUDUnitTest                   INFO  Testing: testViewAll(com.ups.cra.icc.idugroute.idugdemo.CRUDUnitTest)
[                          main] CRUDUnitTest                   INFO  ********************************************************************************
[                          main] DefaultCamelContext            INFO  Apache Camel 2.15.1.redhat-621084 (CamelContext: camel-1) is starting
[                          main] DefaultManagementStrategy      INFO  JMX is disabled
[                          main] DefaultTypeConverter           INFO  Loaded 186 type converters
[                          main] SedaEndpoint                   INFO  Endpoint Endpoint[seda://all_devices] is using shared queue: seda://all_devices with size: 2147483647
[                          main] DefaultCamelContext            INFO  AllowUseOriginalMessage is enabled. If access to the original message is not needed, then its recommended to turn this option off as it may improve performance.
[                          main] DefaultCamelContext            INFO  StreamCaching is not in use. If using streams then its recommended to enable stream caching. See more details at http://camel.apache.org/stream-caching.html
[                          main] CouchbaseConsumer              INFO  Starting Couchbase consumer
[                          main] DefaultCamelContext            INFO  Route: route1 started and consuming from: Endpoint[couchbase://http://localhost:11210/idug-sample?designDocumentName=idug&viewName=idugview]
[                          main] DefaultCamelContext            INFO  Total 1 routes, of which 1 is started.
[                          main] DefaultCamelContext            INFO  Apache Camel 2.15.1.redhat-621084 (CamelContext: camel-1) started in 1.335 seconds
[://localhost:11210/idug-sample] CouchbaseConsumer              INFO  Received result set from Couchbase
[                          main] CRUDUnitTest                   INFO  ********************************************************************************
[                          main] CRUDUnitTest                   INFO  Testing done: testViewAll(com.ups.cra.icc.idugroute.idugdemo.CRUDUnitTest)
[                          main] CRUDUnitTest                   INFO  Took: 1.472 seconds (1472 millis)
[                          main] CRUDUnitTest                   INFO  ********************************************************************************
[                          main] DefaultCamelContext            INFO  Apache Camel 2.15.1.redhat-621084 (CamelContext: camel-1) is shutting down
[                          main] DefaultShutdownStrategy        INFO  Starting to graceful shutdown 1 routes (timeout 10 seconds)
[el-1) thread #1 - ShutdownTask] CouchbaseConsumer              INFO  Stopping Couchbase consumer
[el-1) thread #1 - ShutdownTask] CouchbaseConsumer              INFO  Stopping Couchbase consumer
[el-1) thread #1 - ShutdownTask] DefaultShutdownStrategy        INFO  Route: route1 shutdown complete, was consuming from: Endpoint[couchbase://http://localhost:11210/idug-sample?designDocumentName=idug&viewName=idugview]
[                          main] DefaultShutdownStrategy        INFO  Graceful shutdown of 1 routes completed in 0 seconds
[                          main] DefaultCamelContext            INFO  Apache Camel 2.15.1.redhat-621084 (CamelContext: camel-1) uptime 2.821 seconds
[                          main] DefaultCamelContext            INFO  Apache Camel 2.15.1.redhat-621084 (CamelContext: camel-1) is shutdown in 0.007 seconds
]]></system-out>
    <system-err><![CDATA[2016-10-08 16:34:49.121 INFO net.spy.memcached.auth.AuthThread:  Authenticated to localhost/127.0.0.1:11210
2016-10-08 16:34:49.144 INFO com.couchbase.client.vbucket.provider.BucketConfigurationProvider:  Could bootstrap through carrier publication.
2016-10-08 16:34:49.159 INFO com.couchbase.client.CouchbaseConnection:  Added {QA sa=localhost/127.0.0.1:11210, #Rops=0, #Wops=0, #iq=0, topRop=null, topWop=null, toWrite=0, interested=0} to connect queue
2016-10-08 16:34:49.161 INFO com.couchbase.client.CouchbaseClient:  CouchbaseConnectionFactory{bucket='idug-sample', nodes=[http://localhost:11210/pools], order=RANDOM, opTimeout=2500, opQueue=16384, opQueueBlockTime=10000, obsPollInt=10, obsPollMax=500, obsTimeout=5000, viewConns=10, viewTimeout=75000, viewWorkers=1, configCheck=10, reconnectInt=1100, failureMode=Redistribute, hashAlgo=NATIVE_HASH, authWaitTime=2500}
2016-10-08 16:34:49.209 INFO com.couchbase.client.CouchbaseClient:  viewmode property isn't defined. Setting viewmode to production mode
2016-10-08 16:34:49.266 INFO net.spy.memcached.auth.AuthThread:  Authenticated to localhost/127.0.0.1:11210
2016-10-08 16:34:49.844 INFO net.spy.memcached.auth.AuthThread:  Authenticated to localhost/127.0.0.1:11210
2016-10-08 16:34:49.859 INFO com.couchbase.client.vbucket.provider.BucketConfigurationProvider:  Could bootstrap through carrier publication.
2016-10-08 16:34:49.861 INFO com.couchbase.client.CouchbaseConnection:  Added {QA sa=localhost/127.0.0.1:11210, #Rops=0, #Wops=0, #iq=0, topRop=null, topWop=null, toWrite=0, interested=0} to connect queue
2016-10-08 16:34:49.862 INFO com.couchbase.client.CouchbaseClient:  CouchbaseConnectionFactory{bucket='idug-sample', nodes=[http://localhost:11210/pools], order=RANDOM, opTimeout=2500, opQueue=16384, opQueueBlockTime=10000, obsPollInt=10, obsPollMax=500, obsTimeout=5000, viewConns=10, viewTimeout=75000, viewWorkers=1, configCheck=10, reconnectInt=1100, failureMode=Redistribute, hashAlgo=NATIVE_HASH, authWaitTime=2500}
2016-10-08 16:34:49.865 INFO com.couchbase.client.CouchbaseClient:  viewmode property isn't defined. Setting viewmode to production mode
2016-10-08 16:34:49.966 INFO net.spy.memcached.auth.AuthThread:  Authenticated to localhost/127.0.0.1:11210
]]></system-err>
  </testcase>
</testsuite>